0 info it worked if it ends with ok
1 verbose cli [ 'C:\\Program Files\\nodejs\\node.exe',
1 verbose cli   'C:\\Program Files\\nodejs\\node_modules\\npm\\bin\\npm-cli.js',
1 verbose cli   'login' ]
2 info using npm@3.8.9
3 info using node@v6.2.0
4 verbose stack Error: canceled
4 verbose stack     at Interface.<anonymous> (C:\Program Files\nodejs\node_modules\npm\node_modules\read\lib\read.js:66:13)
4 verbose stack     at emitNone (events.js:86:13)
4 verbose stack     at Interface.emit (events.js:185:7)
4 verbose stack     at Interface._ttyWrite (readline.js:707:16)
4 verbose stack     at ReadStream.onkeypress (readline.js:115:10)
4 verbose stack     at emitTwo (events.js:106:13)
4 verbose stack     at ReadStream.emit (events.js:191:7)
4 verbose stack     at emitKeys (internal/readline.js:385:14)
4 verbose stack     at next (native)
4 verbose stack     at ReadStream.onData (readline.js:939:36)
5 verbose cwd C:\Users\cjhowell\Documents\Internal\Node\idcs-passport-authentication-strategy
6 error Windows_NT 10.0.10586
7 error argv "C:\\Program Files\\nodejs\\node.exe" "C:\\Program Files\\nodejs\\node_modules\\npm\\bin\\npm-cli.js" "login"
8 error node v6.2.0
9 error npm  v3.8.9
10 error canceled
11 error If you need help, you may report this error at:
11 error     <https://github.com/npm/npm/issues>
12 verbose exit [ 1, true ]
